<?xml version="1.0" encoding="UTF-8"?>
<!-- Generated by org.testng.reporters.JUnitXMLReporter -->
<testsuite hostname="User-PC" name="power house with firefox" tests="5" failures="0" timestamp="16 Oct 2017 12:39:50 GMT" time="562.716" errors="0">
  <testcase name="f" time="223.26" classname="com.powerhouse.testcases.ActiveCampaignPurchase"/>
  <testcase name="purchsepowersite" time="54.878" classname="com.powerhouse.testcases.PurchasePowersiteSubscription"/>
  <testcase name="f" time="142.696" classname="com.powerhouse.testcases.PowerSiteUpgradeGold"/>
  <testcase name="faceBook" time="18.054" classname="com.powerhouse.testcases.LoginWithDifferentOption"/>
  <testcase name="google" time="22.13" classname="com.powerhouse.testcases.LoginWithDifferentOption"/>
</testsuite> <!-- power house with firefox -->
