<?xml version="1.0" encoding="UTF-8"?>
<!-- Generated by org.testng.reporters.JUnitXMLReporter -->
<testsuite hostname="User-PC" name="power house PowerSiteUpgradeGold" tests="1" failures="1" timestamp="16 Oct 2017 14:18:37 GMT" time="44.619" errors="0">
  <testcase name="f" time="11.985" classname="com.powerhouse.testcases.PowerSiteUpgradeGold">
    <failure type="java.lang.NullPointerException">
      <![CDATA[java.lang.NullPointerException
	at com.powerhouse.pageClasses.HomePage.logInWithGoogle(HomePage.java:227)
	at com.powerhouse.testcases.PowerSiteUpgradeGold.f(PowerSiteUpgradeGold.java:60)
	at java.util.concurrent.FutureTask.run(Unknown Source)
	at java.util.concurrent.ThreadPoolExecutor.runWorker(Unknown Source)
	at java.util.concurrent.ThreadPoolExecutor$Worker.run(Unknown Source)
	at java.lang.Thread.run(Unknown Source)
... Removed 16 stack frames]]>
    </failure>
  </testcase> <!-- f -->
</testsuite> <!-- power house PowerSiteUpgradeGold -->
